
--------Correspondence---------
one-word-ident
http://birthCertificate_p246#t16 : Determine next action
http://birthCertificate_p248#t12 : Sign birth certificate

--------Correspondence---------
one-word-ident
http://birthCertificate_p246#t12 : Sign birth certificate
http://birthCertificate_p248#t16 : Determine next action

--------Correspondence---------
one-word-ident
http://birthCertificate_p246#t18 : Check validity
http://birthCertificate_p248#t22 : Archive documents

--------Correspondence---------
one-word-ident
http://birthCertificate_p247#t18 : Check validity
http://birthCertificate_p248#t9 : Check GBA data

--------Correspondence---------
one-word-ident
http://birthCertificate_p247#p5 : p5
http://birthCertificate_p248#p4 : Child already acknowledged?

--------Correspondence---------
one-word-ident
http://birthCertificate_p247#t9 : Check GBA data
http://birthCertificate_p249#t31 : Send PL

--------Correspondence---------
one-word-ident
http://birthCertificate_p247#t21 : Finalize message
http://birthCertificate_p249#t42 : Check accuracy

--------Correspondence---------
one-word-ident
http://birthCertificate_p247#t31 : Send PL
http://birthCertificate_p249#t43 : Send PL

--------Correspondence---------
one-word-ident
http://birthCertificate_p247#t18 : Check validity
http://birthCertificate_p250#t23 : Sign certificate

--------Correspondence---------
one-word-ident
http://birthCertificate_p247#t24 : Return documents
http://birthCertificate_p250#t2 : Return documents 1

--------Correspondence---------
one-word-ident
http://birthCertificate_p247#t26 : Send Data
http://birthCertificate_p250#t31 : Send PL

--------Correspondence---------
one-word-ident
http://birthCertificate_p247#t8 : Fill in birth registration form
http://birthCertificate_p250#t18 : Check validity

--------Correspondence---------
one-word-ident
http://birthCertificate_p248#t21 : Finalize message
http://birthCertificate_p249#t42 : Check accuracy

--------Correspondence---------
one-word-ident
http://birthCertificate_p248#t17 : Send data
http://birthCertificate_p250#t2 : Return documents 1

--------Correspondence---------
one-word-ident
http://birthCertificate_p249#t45 : Archive documents
http://birthCertificate_p250#t32 : Finalize message exch.

--------Correspondence---------
one-word-ident
http://birthCertificate_p31#t6 : Refuse continuation
http://birthCertificate_p247#t18 : Check validity

--------Correspondence---------
one-word-ident
http://birthCertificate_p31#t25 : Determine GBA municipality
http://birthCertificate_p247#t13 : Create birth certificate

--------Correspondence---------
one-word-ident
http://birthCertificate_p31#t23 : Sign certificate
http://birthCertificate_p247#t13 : Create birth certificate

--------Correspondence---------
one-word-ident
http://birthCertificate_p31#t26 : Send Data
http://birthCertificate_p247#t18 : Check validity

--------Correspondence---------
one-word-ident
http://birthCertificate_p31#t22 : Archive documents
http://birthCertificate_p247#t18 : Check validity

--------Correspondence---------
one-word-ident
http://birthCertificate_p31#t23 : Sign certificate
http://birthCertificate_p247#t18 : Check validity

--------Correspondence---------
one-word-ident
http://birthCertificate_p31#t33 : Archive documents
http://birthCertificate_p248#t15 : Update GBA

--------Correspondence---------
one-word-ident
http://birthCertificate_p31#t36 : Return documents 2
http://birthCertificate_p249#t34 : Conform choice of name

--------Correspondence---------
one-word-ident
http://birthCertificate_p31#t36 : Return documents 2
http://birthCertificate_p250#t22 : Archive documents

--------Correspondence---------
one-word-ident
http://birthCertificate_p31#t37 : Determine GBA municipality
http://birthCertificate_p32#t59 : Register baby as german 1

--------Correspondence---------
one-word-ident
http://birthCertificate_p31#t37 : Determine GBA municipality
http://birthCertificate_p32#t43 : Send PL

--------Correspondence---------
one-word-ident
http://birthCertificate_p31#t37 : Determine GBA municipality
http://birthCertificate_p32#t49 : Register nationality of baby

--------Correspondence---------
one-word-ident
http://birthCertificate_p31#t22 : Archive documents
http://birthCertificate_p32#t53 : Clarify name

--------Correspondence---------
one-word-ident
http://birthCertificate_p31#t21 : Finalize message
http://birthCertificate_p32#t42 : Check accuracy

--------Correspondence---------
one-word-ident
http://birthCertificate_p31#t23 : Sign certificate
http://birthCertificate_p32#t53 : Clarify name

--------Correspondence---------
one-word-ident
http://birthCertificate_p31#t23 : Sign certificate
http://birthCertificate_p33#t18 : Check validity

--------Correspondence---------
one-word-ident
http://birthCertificate_p31#t22 : Archive documents
http://birthCertificate_p33#t18 : Check validity

--------Correspondence---------
one-word-ident
http://birthCertificate_p31#t26 : Send Data
http://birthCertificate_p33#t18 : Check validity

--------Correspondence---------
one-word-ident
http://birthCertificate_p31#t37 : Determine GBA municipality
http://birthCertificate_p33#t15 : Update GBA

--------Correspondence---------
one-word-ident
http://birthCertificate_p31#p2 : p2
http://birthCertificate_p34#p3 : p3

--------Correspondence---------
one-word-ident
http://birthCertificate_p31#t36 : Return documents 2
http://birthCertificate_p34#t2 : Return documents 1

--------Correspondence---------
one-word-ident
http://birthCertificate_p32#t53 : Clarify name
http://birthCertificate_p246#t8 : Fill in birth registration form

--------Correspondence---------
one-word-ident
http://birthCertificate_p32#t52 : Give married name of parents
http://birthCertificate_p246#t8 : Fill in birth registration form

--------Correspondence---------
one-word-ident
http://birthCertificate_p32#t53 : Clarify name
http://birthCertificate_p247#t18 : Check validity

--------Correspondence---------
one-word-ident
http://birthCertificate_p32#t42 : Check accuracy
http://birthCertificate_p247#t21 : Finalize message

--------Correspondence---------
one-word-ident
http://birthCertificate_p32#t52 : Give married name of parents
http://birthCertificate_p247#t18 : Check validity

--------Correspondence---------
one-word-ident
http://birthCertificate_p32#t53 : Clarify name
http://birthCertificate_p248#t6 : Refuse continuation

--------Correspondence---------
one-word-ident
http://birthCertificate_p32#t52 : Give married name of parents
http://birthCertificate_p248#t6 : Refuse continuation

--------Correspondence---------
one-word-ident
http://birthCertificate_p32#t53 : Clarify name
http://birthCertificate_p248#t9 : Check GBA data

--------Correspondence---------
one-word-ident
http://birthCertificate_p32#t52 : Give married name of parents
http://birthCertificate_p248#t9 : Check GBA data

--------Correspondence---------
one-word-ident
http://birthCertificate_p32#t57 : Create certificate of birth
http://birthCertificate_p248#t16 : Determine next action

--------Correspondence---------
one-word-ident
http://birthCertificate_p32#t53 : Clarify name
http://birthCertificate_p250#t23 : Sign certificate

--------Correspondence---------
one-word-ident
http://birthCertificate_p32#t42 : Check accuracy
http://birthCertificate_p250#t22 : Archive documents

--------Correspondence---------
one-word-ident
http://birthCertificate_p32#t49 : Register nationality of baby
http://birthCertificate_p250#t22 : Archive documents

--------Correspondence---------
one-word-ident
http://birthCertificate_p32#t52 : Give married name of parents
http://birthCertificate_p250#t23 : Sign certificate

--------Correspondence---------
one-word-ident
http://birthCertificate_p32#t53 : Clarify name
http://birthCertificate_p33#t18 : Check validity

--------Correspondence---------
one-word-ident
http://birthCertificate_p32#t52 : Give married name of parents
http://birthCertificate_p33#t18 : Check validity

--------Correspondence---------
one-word-ident
http://birthCertificate_p32#t49 : Register nationality of baby
http://birthCertificate_p34#t2 : Return documents 1

--------Correspondence---------
one-word-ident
http://birthCertificate_p32#t59 : Register baby as german 1
http://birthCertificate_p34#t2 : Return documents 1

--------Correspondence---------
one-word-ident
http://birthCertificate_p32#t43 : Send PL
http://birthCertificate_p34#t2 : Return documents 1

--------Correspondence---------
one-word-ident
http://birthCertificate_p32#t53 : Clarify name
http://birthCertificate_p34#t6 : Refuse continuation

--------Correspondence---------
one-word-ident
http://birthCertificate_p32#t53 : Clarify name
http://birthCertificate_p34#t8 : Fill in birth registration form

--------Correspondence---------
one-word-ident
http://birthCertificate_p32#t53 : Clarify name
http://birthCertificate_p34#t9 : Check GBA data

--------Correspondence---------
one-word-ident
http://birthCertificate_p32#t52 : Give married name of parents
http://birthCertificate_p34#t6 : Refuse continuation

--------Correspondence---------
one-word-ident
http://birthCertificate_p32#t42 : Check accuracy
http://birthCertificate_p34#p2 : p2

--------Correspondence---------
one-word-ident
http://birthCertificate_p32#p33 : p33
http://birthCertificate_p34#p2 : p2

--------Correspondence---------
one-word-ident
http://birthCertificate_p32#t52 : Give married name of parents
http://birthCertificate_p34#t8 : Fill in birth registration form

--------Correspondence---------
one-word-ident
http://birthCertificate_p32#t52 : Give married name of parents
http://birthCertificate_p34#t9 : Check GBA data

--------Correspondence---------
one-word-ident
http://birthCertificate_p33#t18 : Check validity
http://birthCertificate_p246#t8 : Fill in birth registration form

--------Correspondence---------
one-word-ident
http://birthCertificate_p33#t9 : Check GBA data
http://birthCertificate_p247#t31 : Send PL

--------Correspondence---------
one-word-ident
http://birthCertificate_p33#t18 : Check validity
http://birthCertificate_p248#t6 : Refuse continuation

--------Correspondence---------
one-word-ident
http://birthCertificate_p33#t18 : Check validity
http://birthCertificate_p248#t9 : Check GBA data

--------Correspondence---------
one-word-ident
http://birthCertificate_p33#t17 : Send data
http://birthCertificate_p248#t16 : Determine next action

--------Correspondence---------
one-word-ident
http://birthCertificate_p33#t4 : Confirm identity without
http://birthCertificate_p248#p6 : Identity confirmed

--------Correspondence---------
one-word-ident
http://birthCertificate_p33#t9 : Check GBA data
http://birthCertificate_p249#t43 : Send PL

--------Correspondence---------
one-word-ident
http://birthCertificate_p33#t21 : Finalize message
http://birthCertificate_p250#t2 : Return documents 1

--------Correspondence---------
one-word-ident
http://birthCertificate_p33#t9 : Check GBA data
http://birthCertificate_p250#t31 : Send PL

--------Correspondence---------
one-word-ident
http://birthCertificate_p33#t18 : Check validity
http://birthCertificate_p250#t23 : Sign certificate

--------Correspondence---------
one-word-ident
http://birthCertificate_p33#t18 : Check validity
http://birthCertificate_p34#t6 : Refuse continuation

--------Correspondence---------
one-word-ident
http://birthCertificate_p33#t18 : Check validity
http://birthCertificate_p34#t8 : Fill in birth registration form

--------Correspondence---------
one-word-ident
http://birthCertificate_p33#t18 : Check validity
http://birthCertificate_p34#t9 : Check GBA data

--------Correspondence---------
one-word-ident
http://birthCertificate_p33#t15 : Update GBA
http://birthCertificate_p34#t2 : Return documents 1

--------Correspondence---------
one-word-ident
http://birthCertificate_p33#t12 : Sign birth certificate
http://birthCertificate_p34#t2 : Return documents 1

--------Correspondence---------
one-word-ident
http://birthCertificate_p34#t6 : Refuse continuation
http://birthCertificate_p247#t18 : Check validity

--------Correspondence---------
one-word-ident
http://birthCertificate_p34#t8 : Fill in birth registration form
http://birthCertificate_p247#t18 : Check validity

--------Correspondence---------
one-word-ident
http://birthCertificate_p34#t9 : Check GBA data
http://birthCertificate_p247#t18 : Check validity

--------Correspondence---------
one-word-ident
http://birthCertificate_p34#t11 : Search GBA data
http://birthCertificate_p248#t16 : Determine next action

--------Correspondence---------
one-word-ident
http://birthCertificate_p34#t2 : Return documents 1
http://birthCertificate_p250#t22 : Archive documents
