
--------Correspondence---------
trivial-norm
http://FU_Berlin#sid-890CC5F9-3B28-4110-9018-1423B4D2DEBF : Add certificate of Bachelor degree
http://IIS_Erlangen#sid-CB26DB0C-6BB2-4959-BA80-63FE44D0FFEC : Add certificate of bachelor degree

--------Correspondence---------
trivial-norm
http://FU_Berlin#sid-0808AB0B-C7D9-4CE3-9CEE-16F184F8A6EF : Fill out application
form
http://IIS_Erlangen#sid-2494BD3D-C2F2-4D7B-AF79-05A20B0F8365 : Fill out application form

--------Correspondence---------
trivial-norm
http://FU_Berlin#sid-9C365BD2-58D0-443D-9FD4-AC287BF377F6 : Take
interview
http://Muenster#sid-653B2E61-D08D-4038-A632-603B74BAAD45 : Take interview

--------Correspondence---------
trivial-norm
http://FU_Berlin#sid-890CC5F9-3B28-4110-9018-1423B4D2DEBF : Add certificate of Bachelor degree
http://Potsdam#sid-4636DE79-328E-4C1B-8BE3-F0D5FF00E69C : Add certificate of bachelor degree

--------Correspondence---------
trivial-norm
http://FU_Berlin#sid-0808AB0B-C7D9-4CE3-9CEE-16F184F8A6EF : Fill out application
form
http://Potsdam#sid-F0B6060E-1460-4CFF-8D94-1181081F4671 : Fill out application form

--------Correspondence---------
trivial-norm
http://Hohenheim#sid-EA76CC8B-DB97-46CB-A2A0-5F44667C8B2E : Waiting for the response
http://Wuerzburg#sid-B06626EF-C70E-4D70-B20F-BA3DAC313DD9 : Waiting for response

--------Correspondence---------
trivial-norm
http://IIS_Erlangen#sid-E80393E3-80C1-4412-9317-635EBAC3AE26 : Take
interview
http://Muenster#sid-653B2E61-D08D-4038-A632-603B74BAAD45 : Take interview
