
--------Correspondence---------
verb-ident
http://birthCertificate_p246#t4 : Confirm identity without
http://birthCertificate_p247#t5 : Confirm identity with passport

--------Correspondence---------
verb-ident
http://birthCertificate_p247#t10 : Search GBA data
http://birthCertificate_p249#t40 : Determine next action

--------Correspondence---------
verb-ident
http://birthCertificate_p247#t21 : Finalize message
http://birthCertificate_p249#t34 : Conform choice of name

--------Correspondence---------
verb-ident
http://birthCertificate_p247#t33 : Archive documents
http://birthCertificate_p249#t46 : Scan

--------Correspondence---------
verb-ident
http://birthCertificate_p249#t36 : Return documents 2
http://birthCertificate_p250#t31 : Send PL

--------Correspondence---------
verb-ident
http://birthCertificate_p31#t1 : Receive notification birth
http://birthCertificate_p249#t42 : Check accuracy

--------Correspondence---------
verb-ident
http://birthCertificate_p31#t34 : Conform choice of name
http://birthCertificate_p249#t39 : Send notifications

--------Correspondence---------
verb-ident
http://birthCertificate_p31#t36 : Return documents 2
http://birthCertificate_p249#t42 : Check accuracy

--------Correspondence---------
verb-ident
http://birthCertificate_p31#t29 : Correct error
http://birthCertificate_p249#t34 : Conform choice of name

--------Correspondence---------
verb-ident
http://birthCertificate_p31#t1 : Receive notification birth
http://birthCertificate_p32#t41 : Send Tb01

--------Correspondence---------
verb-ident
http://birthCertificate_p31#t1 : Receive notification birth
http://birthCertificate_p32#t42 : Check accuracy

--------Correspondence---------
verb-ident
http://birthCertificate_p31#t1 : Receive notification birth
http://birthCertificate_p32#t51 : Check prename

--------Correspondence---------
verb-ident
http://birthCertificate_p31#t19 : Send notifications
http://birthCertificate_p32#t58 : Inform responsible authority

--------Correspondence---------
verb-ident
http://birthCertificate_p31#t1 : Receive notification birth
http://birthCertificate_p32#t46 : Scan

--------Correspondence---------
verb-ident
http://birthCertificate_p31#t36 : Return documents 2
http://birthCertificate_p32#t41 : Send Tb01

--------Correspondence---------
verb-ident
http://birthCertificate_p31#t36 : Return documents 2
http://birthCertificate_p32#t42 : Check accuracy

--------Correspondence---------
verb-ident
http://birthCertificate_p31#t36 : Return documents 2
http://birthCertificate_p32#t51 : Check prename

--------Correspondence---------
verb-ident
http://birthCertificate_p31#t36 : Return documents 2
http://birthCertificate_p33#t31 : Send PL

--------Correspondence---------
verb-ident
http://birthCertificate_p31#t36 : Return documents 2
http://birthCertificate_p33#t33 : Archive documents

--------Correspondence---------
verb-ident
http://birthCertificate_p31#t36 : Return documents 2
http://birthCertificate_p33#t1 : Receive notification birth

--------Correspondence---------
verb-ident
http://birthCertificate_p32#t58 : Inform responsible authority
http://birthCertificate_p246#t19 : Send notifications

--------Correspondence---------
verb-ident
http://birthCertificate_p32#t58 : Inform responsible authority
http://birthCertificate_p248#t19 : Send notifications

--------Correspondence---------
verb-ident
http://birthCertificate_p32#t41 : Send Tb01
http://birthCertificate_p249#t42 : Check accuracy

--------Correspondence---------
verb-ident
http://birthCertificate_p32#t42 : Check accuracy
http://birthCertificate_p249#t33 : Archive documents

--------Correspondence---------
verb-ident
http://birthCertificate_p32#t41 : Send Tb01
http://birthCertificate_p33#t1 : Receive notification birth

--------Correspondence---------
verb-ident
http://birthCertificate_p32#t58 : Inform responsible authority
http://birthCertificate_p33#t3 : Confirm identity

--------Correspondence---------
verb-ident
http://birthCertificate_p32#t46 : Scan
http://birthCertificate_p33#t1 : Receive notification birth

--------Correspondence---------
verb-ident
http://birthCertificate_p32#t41 : Send Tb01
http://birthCertificate_p33#t31 : Send PL

--------Correspondence---------
verb-ident
http://birthCertificate_p32#t41 : Send Tb01
http://birthCertificate_p33#t33 : Archive documents

--------Correspondence---------
verb-ident
http://birthCertificate_p32#t51 : Check prename
http://birthCertificate_p33#t1 : Receive notification birth

--------Correspondence---------
verb-ident
http://birthCertificate_p32#t42 : Check accuracy
http://birthCertificate_p34#t1 : Receive notification birth

--------Correspondence---------
verb-ident
http://birthCertificate_p33#t4 : Confirm identity without
http://birthCertificate_p248#t5 : Confirm identity with passport

--------Correspondence---------
verb-ident
http://birthCertificate_p33#t1 : Receive notification birth
http://birthCertificate_p249#t33 : Archive documents

--------Correspondence---------
verb-ident
http://birthCertificate_p33#t1 : Receive notification birth
http://birthCertificate_p249#t42 : Check accuracy

--------Correspondence---------
verb-ident
http://birthCertificate_p33#t21 : Finalize message
http://birthCertificate_p249#t39 : Send notifications

--------Correspondence---------
verb-ident
http://birthCertificate_p33#t4 : Confirm identity without
http://birthCertificate_p34#t5 : Confirm identity with passport

--------Correspondence---------
verb-ident
http://birthCertificate_p34#t4 : Confirm identity without
http://birthCertificate_p247#t5 : Confirm identity with passport
